
=== Tue Jul 14 15:14:22 2020

Packages were changed.
Update Mode: updateDependencies

The following packages were updated:
  com.unity.ads from version 3.4.4 to 3.4.7
  com.unity.ide.vscode from version 1.2.0 to 1.2.1
  com.unity.multiplayer-hlapi from version 1.0.4 to 1.0.6
  com.unity.test-framework from version 1.1.13 to 1.1.14
  com.unity.xr.legacyinputhelpers from version 2.1.3 to 2.1.4

=== Fri Mar 15 16:07:59 2024

Packages were changed.
Update Mode: updateDependencies

The following packages were added:
  com.unity.ide.visualstudio@2.0.12
The following packages were updated:
  com.unity.ads from version 3.4.7 to 3.7.5
  com.unity.analytics from version 3.3.5 to 3.6.12
  com.unity.collab-proxy from version 1.2.16 to 1.15.7
  com.unity.ide.rider from version 1.1.4 to 2.0.7
  com.unity.ide.vscode from version 1.2.1 to 1.2.4
  com.unity.performance.profile-analyzer from version 1.0.0 to 1.1.1
  com.unity.purchasing from version 2.0.6 to 4.1.2
  com.unity.render-pipelines.universal from version 7.3.1 to 10.8.1
  com.unity.test-framework from version 1.1.14 to 1.1.29
  com.unity.textmeshpro from version 2.0.1 to 3.0.6
  com.unity.timeline from version 1.2.6 to 1.4.8
  com.unity.xr.legacyinputhelpers from version 2.1.4 to 2.1.8
